<?xml version="1.0" encoding="UTF-8"?>
<!-- Generated by org.testng.reporters.JUnitXMLReporter -->
<testsuite ignored="0" hostname="Mustafa" failures="0" tests="3" name="Chrome Test" time="4.544" errors="0" timestamp="2024-09-14T10:47:17 EDT">
  <testcase classname="day16.ParallelTest" name="testLogo" time="0.037"/>
  <testcase classname="day16.ParallelTest" name="testTitle" time="0.012"/>
  <testcase classname="day16.ParallelTest" name="testURL" time="0.011"/>
</testsuite> <!-- Chrome Test -->
