<?xml version="1.0" encoding="UTF-8"?>
<!-- Generated by org.testng.reporters.JUnitXMLReporter -->
<testsuite ignored="0" hostname="Mustafa" failures="1" tests="3" name="Listener Test" time="4.621" errors="0" timestamp="2024-09-14T14:23:51 EDT">
  <testcase classname="day16.OrangeHRMTest" name="testLogo" time="0.07"/>
  <testcase classname="day16.OrangeHRMTest" name="testTitle" time="0.011">
    <failure type="java.lang.AssertionError" message="expected [OrangeHRM_T] but found [OrangeHRM]">
      <![CDATA[java.lang.AssertionError: expected [OrangeHRM_T] but found [OrangeHRM]
at day16.OrangeHRMTest.testTitle(OrangeHRMTest.java:59)
at java.base/java.util.ArrayList.forEach(ArrayList.java:1596)
... Removed 31 stack frames]]>
    </failure>
  </testcase> <!-- testTitle -->
  <testcase classname="day16.OrangeHRMTest" name="testURL" time="0.0">
    <skipped/>
  </testcase> <!-- testURL -->
</testsuite> <!-- Listener Test -->
